[debug] [2021-09-12T08:16:14.838Z] ----------------------------------------------------------------------
[debug] [2021-09-12T08:16:14.840Z] Command:       C:\Program Files\nodejs\node.exe C:\Users\Mohammad Abbas\AppData\Roaming\npm\node_modules\firebase-tools\lib\bin\firebase.js init
[debug] [2021-09-12T08:16:14.841Z] CLI Version:   9.18.0
[debug] [2021-09-12T08:16:14.841Z] Platform:      win32
[debug] [2021-09-12T08:16:14.841Z] Node Version:  v14.17.6
[debug] [2021-09-12T08:16:14.842Z] Time:          Sun Sep 12 2021 13:46:14 GMT+0530 (India Standard Time)
[debug] [2021-09-12T08:16:14.842Z] ----------------------------------------------------------------------
[debug] 
[debug] [2021-09-12T08:16:14.850Z] > command requires scopes: ["email","openid","https://www.googleapis.com/auth/cloudplatformprojects.readonly","https://www.googleapis.com/auth/firebase","https://www.googleapis.com/auth/cloud-platform"]
[debug] [2021-09-12T08:16:14.850Z] > authorizing via signed-in user (mohammadabbas561@gmail.com)
[info] 
     ######## #### ########  ######## ########     ###     ######  ########
     ##        ##  ##     ## ##       ##     ##  ##   ##  ##       ##
     ######    ##  ########  ######   ########  #########  ######  ######
     ##        ##  ##    ##  ##       ##     ## ##     ##       ## ##
     ##       #### ##     ## ######## ########  ##     ##  ######  ########

You're about to initialize a Firebase project in this directory:

  E:\Social-Media-App\client

[info] 
=== Project Setup
[info] 
[info] First, let's associate this project directory with a Firebase project.
[info] You can create multiple project aliases by running firebase use --add, 
[info] but for now we'll just set up a default project.
[info] 
[info] i  If you want to create a project in a Google Cloud organization or folder, please use "firebase projects:create" instead, and return to this command when you've created the project. 
[debug] [2021-09-12T08:16:57.731Z] > refreshing access token with scopes: ["email","https://www.googleapis.com/auth/cloud-platform","https://www.googleapis.com/auth/cloudplatformprojects.readonly","https://www.googleapis.com/auth/firebase","openid"]
[debug] [2021-09-12T08:16:57.731Z] >>> HTTP REQUEST POST https://www.googleapis.com/oauth2/v3/token  
 <request body omitted>
[debug] [2021-09-12T08:16:58.168Z] <<< HTTP RESPONSE 200 {"cache-control":"no-cache, no-store, max-age=0, must-revalidate","pragma":"no-cache","expires":"Mon, 01 Jan 1990 00:00:00 GMT","date":"Sun, 12 Sep 2021 08:16:59 GMT","content-type":"application/json; charset=utf-8","vary":"X-Origin, Referer, Origin,Accept-Encoding","server":"scaffolding on HTTPServer2","x-xss-protection":"0","x-frame-options":"SAMEORIGIN","x-content-type-options":"nosniff","alt-svc":"h3=\":443\"; ma=2592000,h3-29=\":443\"; ma=2592000,h3-T051=\":443\"; ma=2592000,h3-Q050=\":443\"; ma=2592000,h3-Q046=\":443\"; ma=2592000,h3-Q043=\":443\"; ma=2592000,quic=\":443\"; ma=2592000; v=\"46,43\"","accept-ranges":"none","transfer-encoding":"chunked"}
[debug] [2021-09-12T08:16:58.188Z] >>> HTTP REQUEST POST https://cloudresourcemanager.googleapis.com/v1/projects  
 {"projectId":"rewsdfh","name":"rewsdfh"}
[debug] [2021-09-12T08:17:00.878Z] <<< HTTP RESPONSE 200 {"content-type":"application/json; charset=UTF-8","vary":"X-Origin, Referer, Origin,Accept-Encoding","date":"Sun, 12 Sep 2021 08:17:01 GMT","server":"ESF","cache-control":"private","x-xss-protection":"0","x-frame-options":"SAMEORIGIN","x-content-type-options":"nosniff","server-timing":"gfet4t7; dur=2110","alt-svc":"h3=\":443\"; ma=2592000,h3-29=\":443\"; ma=2592000,h3-T051=\":443\"; ma=2592000,h3-Q050=\":443\"; ma=2592000,h3-Q046=\":443\"; ma=2592000,h3-Q043=\":443\"; ma=2592000,quic=\":443\"; ma=2592000; v=\"46,43\"","accept-ranges":"none","transfer-encoding":"chunked"}
[debug] [2021-09-12T08:17:00.881Z] > refreshing access token with scopes: []
[debug] [2021-09-12T08:17:00.881Z] >>> HTTP REQUEST POST https://www.googleapis.com/oauth2/v3/token  
 <request body omitted>
[debug] [2021-09-12T08:17:01.263Z] <<< HTTP RESPONSE 200 {"expires":"Mon, 01 Jan 1990 00:00:00 GMT","date":"Sun, 12 Sep 2021 08:17:02 GMT","cache-control":"no-cache, no-store, max-age=0, must-revalidate","pragma":"no-cache","content-type":"application/json; charset=utf-8","vary":"X-Origin, Referer, Origin,Accept-Encoding","server":"scaffolding on HTTPServer2","x-xss-protection":"0","x-frame-options":"SAMEORIGIN","x-content-type-options":"nosniff","alt-svc":"h3=\":443\"; ma=2592000,h3-29=\":443\"; ma=2592000,h3-T051=\":443\"; ma=2592000,h3-Q050=\":443\"; ma=2592000,h3-Q046=\":443\"; ma=2592000,h3-Q043=\":443\"; ma=2592000,quic=\":443\"; ma=2592000; v=\"46,43\"","accept-ranges":"none","transfer-encoding":"chunked"}
[debug] [2021-09-12T08:17:01.284Z] >>> [apiv2][query] GET https://cloudresourcemanager.googleapis.com/v1/operations/cp.6116030233245284216 [none]
[debug] [2021-09-12T08:17:03.187Z] <<< [apiv2][status] GET https://cloudresourcemanager.googleapis.com/v1/operations/cp.6116030233245284216 200
[debug] [2021-09-12T08:17:03.188Z] <<< [apiv2][body] GET https://cloudresourcemanager.googleapis.com/v1/operations/cp.6116030233245284216 {"name":"operations/cp.6116030233245284216","metadata":{"@type":"type.googleapis.com/google.cloudresourcemanager.v1.ProjectCreationStatus","ready":true},"done":true,"error":{"code":9,"message":"Callers must accept Terms of Service","details":[{"@type":"type.googleapis.com/google.rpc.PreconditionFailure","violations":[{"type":"TOS","subject":"cloud","description":"Callers must accept Terms of Service"}]}]}}
[debug] [2021-09-12T08:17:03.236Z] FirebaseError: Callers must accept Terms of Service
    at OperationPoller.poll (C:\Users\Mohammad Abbas\AppData\Roaming\npm\node_modules\firebase-tools\lib\operation-poller.js:24:19)
    at processTicksAndRejections (internal/process/task_queues.js:95:5)
    at async createCloudProject (C:\Users\Mohammad Abbas\AppData\Roaming\npm\node_modules\firebase-tools\lib\management\projects.js:181:29)
    at async Object.createFirebaseProjectAndLog (C:\Users\Mohammad Abbas\AppData\Roaming\npm\node_modules\firebase-tools\lib\management\projects.js:46:9)
    at async promptAndCreateNewProject (C:\Users\Mohammad Abbas\AppData\Roaming\npm\node_modules\firebase-tools\lib\init\features\project.js:32:12)
    at async Object.doSetup [as project] (C:\Users\Mohammad Abbas\AppData\Roaming\npm\node_modules\firebase-tools\lib\init\features\project.js:87:27)
    at async init (C:\Users\Mohammad Abbas\AppData\Roaming\npm\node_modules\firebase-tools\lib\init\index.js:19:9)
[error] 
[error] Error: Failed to create project. See firebase-debug.log for more info.
